Synthetic clips: 1000 under data/training_dataset_v2
Real clips: 260 under data/tier2_train_v2_10c
External val: 80 clips under data/tier2_val_v2
Synthetic train: 12531 patches across 589 usable clips
Real train: 1560 patches across 260 usable clips
Val: 300 patches across 50 usable clips
Computing sampler weights from train labels...
Synthetic labels: positive=6961 (55.6%), negative=5570
Real labels:      positive=976 (62.6%), negative=584
Mix: synthetic_ratio=0.75; expected per-batch ~48 synthetic / ~16 real

Architecture: unet  target_mode: mask  device: cuda
Augmentation: time_flip_p=0.5, freq_shift±2, noise_std=0.5
Train: 20000 samples/epoch, batch=64
Val: 300 patches, batch=64

Sanity check (scaffolding):
  Train batch shapes: patch=(64, 1, 256, 256), label=(64,), target=(64, 256, 256)
  Val batch shapes:   patch=(64, 1, 256, 256), label=(64,), target=(64, 256, 256)
  Sampler balance over 20 batches: 650/1280 positive (50.8%, expected ~50%)

Building model + loss + optimizer for unet...
Model parameters: 31,036,481
Run dir: artifacts/sprint6_ensemble/unet_seed20260602_ratio0.75
epoch 1/25  lr=1.00e-03  train_total=0.8032  val_total=0.3819  train_batches=313  val_batches=5
  train: bce=0.0788  cldice=0.0000  dice=0.7244
  val:   bce=0.0326  cldice=0.0000  dice=0.3493
  → best.pt updated (val_total=0.3819)
epoch 2/25  lr=9.96e-04  train_total=0.3545  val_total=0.3872  train_batches=313  val_batches=5
  train: bce=0.0146  cldice=0.0000  dice=0.3398
  val:   bce=0.0353  cldice=0.0000  dice=0.3519
epoch 3/25  lr=9.84e-04  train_total=0.3255  val_total=0.3481  train_batches=313  val_batches=5
  train: bce=0.0145  cldice=0.0000  dice=0.3111
  val:   bce=0.0353  cldice=0.0000  dice=0.3128
  → best.pt updated (val_total=0.3481)
epoch 4/25  lr=9.65e-04  train_total=0.3088  val_total=0.3391  train_batches=313  val_batches=5
  train: bce=0.0144  cldice=0.0000  dice=0.2944
  val:   bce=0.0352  cldice=0.0000  dice=0.3039
  → best.pt updated (val_total=0.3391)
epoch 5/25  lr=9.38e-04  train_total=0.2863  val_total=0.3262  train_batches=313  val_batches=5
  train: bce=0.0135  cldice=0.0000  dice=0.2728
  val:   bce=0.0330  cldice=0.0000  dice=0.2932
  → best.pt updated (val_total=0.3262)
epoch 6/25  lr=9.05e-04  train_total=0.4226  val_total=0.4927  train_batches=313  val_batches=5
  train: bce=0.0145  cldice=0.2716  dice=0.2723
  val:   bce=0.0371  cldice=0.3036  dice=0.3038
epoch 7/25  lr=8.64e-04  train_total=0.4068  val_total=0.4573  train_batches=313  val_batches=5
  train: bce=0.0138  cldice=0.2616  dice=0.2622
  val:   bce=0.0347  cldice=0.2816  dice=0.2818
epoch 8/25  lr=8.19e-04  train_total=0.3851  val_total=0.4731  train_batches=313  val_batches=5
  train: bce=0.0134  cldice=0.2474  dice=0.2480
  val:   bce=0.0369  cldice=0.2907  dice=0.2909
epoch 9/25  lr=7.68e-04  train_total=0.3743  val_total=0.4452  train_batches=313  val_batches=5
  train: bce=0.0133  cldice=0.2404  dice=0.2408
  val:   bce=0.0354  cldice=0.2731  dice=0.2733
epoch 10/25  lr=7.13e-04  train_total=0.3688  val_total=0.4350  train_batches=313  val_batches=5
  train: bce=0.0130  cldice=0.2369  dice=0.2373
  val:   bce=0.0335  cldice=0.2675  dice=0.2677
epoch 11/25  lr=6.55e-04  train_total=0.3610  val_total=0.4411  train_batches=313  val_batches=5
  train: bce=0.0129  cldice=0.2317  dice=0.2322
  val:   bce=0.0341  cldice=0.2712  dice=0.2714
epoch 12/25  lr=5.94e-04  train_total=0.3510  val_total=0.4301  train_batches=313  val_batches=5
  train: bce=0.0126  cldice=0.2253  dice=0.2257
  val:   bce=0.0335  cldice=0.2642  dice=0.2645
epoch 13/25  lr=5.31e-04  train_total=0.3490  val_total=0.4144  train_batches=313  val_batches=5
  train: bce=0.0125  cldice=0.2240  dice=0.2245
  val:   bce=0.0311  cldice=0.2553  dice=0.2556
epoch 14/25  lr=4.69e-04  train_total=0.3426  val_total=0.4142  train_batches=313  val_batches=5
  train: bce=0.0123  cldice=0.2199  dice=0.2203
  val:   bce=0.0329  cldice=0.2541  dice=0.2542
epoch 15/25  lr=4.06e-04  train_total=0.3321  val_total=0.4234  train_batches=313  val_batches=5
  train: bce=0.0120  cldice=0.2132  dice=0.2136
  val:   bce=0.0325  cldice=0.2603  dice=0.2607
epoch 16/25  lr=3.45e-04  train_total=0.3343  val_total=0.4028  train_batches=313  val_batches=5
  train: bce=0.0119  cldice=0.2147  dice=0.2151
  val:   bce=0.0302  cldice=0.2482  dice=0.2485
epoch 17/25  lr=2.87e-04  train_total=0.3264  val_total=0.4233  train_batches=313  val_batches=5
  train: bce=0.0118  cldice=0.2095  dice=0.2099
  val:   bce=0.0336  cldice=0.2595  dice=0.2599
epoch 18/25  lr=2.32e-04  train_total=0.3180  val_total=0.4289  train_batches=313  val_batches=5
  train: bce=0.0114  cldice=0.2041  dice=0.2045
  val:   bce=0.0345  cldice=0.2627  dice=0.2630
epoch 19/25  lr=1.81e-04  train_total=0.3166  val_total=0.4203  train_batches=313  val_batches=5
  train: bce=0.0115  cldice=0.2031  dice=0.2035
  val:   bce=0.0336  cldice=0.2576  dice=0.2579
epoch 20/25  lr=1.36e-04  train_total=0.3244  val_total=0.4266  train_batches=313  val_batches=5
  train: bce=0.0119  cldice=0.2080  dice=0.2084
  val:   bce=0.0335  cldice=0.2618  dice=0.2623
epoch 21/25  lr=9.55e-05  train_total=0.3132  val_total=0.4233  train_batches=313  val_batches=5
  train: bce=0.0114  cldice=0.2010  dice=0.2013
  val:   bce=0.0333  cldice=0.2597  dice=0.2601
epoch 22/25  lr=6.18e-05  train_total=0.3102  val_total=0.4258  train_batches=313  val_batches=5
  train: bce=0.0114  cldice=0.1989  dice=0.1993
  val:   bce=0.0341  cldice=0.2609  dice=0.2612
epoch 23/25  lr=3.51e-05  train_total=0.3073  val_total=0.4269  train_batches=313  val_batches=5
  train: bce=0.0111  cldice=0.1972  dice=0.1976
  val:   bce=0.0345  cldice=0.2613  dice=0.2617
epoch 24/25  lr=1.57e-05  train_total=0.3102  val_total=0.4301  train_batches=313  val_batches=5
  train: bce=0.0113  cldice=0.1990  dice=0.1994
  val:   bce=0.0348  cldice=0.2633  dice=0.2637
epoch 25/25  lr=3.94e-06  train_total=0.3134  val_total=0.4275  train_batches=313  val_batches=5
  train: bce=0.0113  cldice=0.2011  dice=0.2015
  val:   bce=0.0340  cldice=0.2620  dice=0.2625

--- training complete ---
  config.json:  artifacts/sprint6_ensemble/unet_seed20260602_ratio0.75/config.json
  metrics.csv:  artifacts/sprint6_ensemble/unet_seed20260602_ratio0.75/metrics.csv
  best.pt:      artifacts/sprint6_ensemble/unet_seed20260602_ratio0.75/best.pt  (val_total=0.3262)
  last.pt:      artifacts/sprint6_ensemble/unet_seed20260602_ratio0.75/last.pt
  losses.png:   artifacts/sprint6_ensemble/unet_seed20260602_ratio0.75/losses.png

Running patch-level evaluation on val set...

── Tier-1 Evaluation (patch-level) ──
  Overall: P=0.032  R=0.359  F1=0.060  (TP=293, FP=8736, truth=816)

  Per-SNR-bucket recall (truth peak SNR):
    bucket      n_truth    tp    fn   recall
    <0              347    55   292    0.159
    0-5             161    60   101    0.373
    5-8             159    82    77    0.516
    8-12             97    59    38    0.608
    12-20            52    37    15    0.712
    >=20              0     0     0      n/a

  Acceptance gate: recall @ SNR >= 8 dB >= 0.80  →  actual=0.644  [FAIL]

  tier1_metrics.json: artifacts/sprint6_ensemble/unet_seed20260602_ratio0.75/tier1_metrics.json
