Synthetic clips: 1000 under data/training_dataset_v2
Real clips: 260 under data/tier2_train_v2_10c
External val: 80 clips under data/tier2_val_v2
Synthetic train: 12531 patches across 589 usable clips
Real train: 1560 patches across 260 usable clips
Val: 300 patches across 50 usable clips
Computing sampler weights from train labels...
Synthetic labels: positive=6961 (55.6%), negative=5570
Real labels:      positive=976 (62.6%), negative=584
Mix: synthetic_ratio=0.25; expected per-batch ~16 synthetic / ~48 real

Architecture: unet  target_mode: mask  device: cuda
Augmentation: time_flip_p=0.5, freq_shift±2, noise_std=0.5
Train: 20000 samples/epoch, batch=64
Val: 300 patches, batch=64

Sanity check (scaffolding):
  Train batch shapes: patch=(64, 1, 256, 256), label=(64,), target=(64, 256, 256)
  Val batch shapes:   patch=(64, 1, 256, 256), label=(64,), target=(64, 256, 256)
  Sampler balance over 20 batches: 638/1280 positive (49.8%, expected ~50%)

Building model + loss + optimizer for unet...
Model parameters: 31,036,481
Run dir: artifacts/sprint6_ensemble/unet_seed20260601_ratio0.25
epoch 1/25  lr=1.00e-03  train_total=0.8248  val_total=0.4075  train_batches=313  val_batches=5
  train: bce=0.0867  cldice=0.0000  dice=0.7381
  val:   bce=0.0356  cldice=0.0000  dice=0.3719
  → best.pt updated (val_total=0.4075)
epoch 2/25  lr=9.96e-04  train_total=0.3098  val_total=0.4170  train_batches=313  val_batches=5
  train: bce=0.0110  cldice=0.0000  dice=0.2988
  val:   bce=0.0404  cldice=0.0000  dice=0.3766
epoch 3/25  lr=9.84e-04  train_total=0.2801  val_total=0.3720  train_batches=313  val_batches=5
  train: bce=0.0112  cldice=0.0000  dice=0.2689
  val:   bce=0.0397  cldice=0.0000  dice=0.3323
  → best.pt updated (val_total=0.3720)
epoch 4/25  lr=9.65e-04  train_total=0.2616  val_total=0.3619  train_batches=313  val_batches=5
  train: bce=0.0109  cldice=0.0000  dice=0.2507
  val:   bce=0.0388  cldice=0.0000  dice=0.3232
  → best.pt updated (val_total=0.3619)
epoch 5/25  lr=9.38e-04  train_total=0.2545  val_total=0.3614  train_batches=313  val_batches=5
  train: bce=0.0109  cldice=0.0000  dice=0.2436
  val:   bce=0.0396  cldice=0.0000  dice=0.3218
  → best.pt updated (val_total=0.3614)
epoch 6/25  lr=9.05e-04  train_total=0.3663  val_total=0.5067  train_batches=313  val_batches=5
  train: bce=0.0109  cldice=0.2366  dice=0.2371
  val:   bce=0.0397  cldice=0.3112  dice=0.3114
epoch 7/25  lr=8.64e-04  train_total=0.3468  val_total=0.5206  train_batches=313  val_batches=5
  train: bce=0.0109  cldice=0.2237  dice=0.2241
  val:   bce=0.0437  cldice=0.3178  dice=0.3179
epoch 8/25  lr=8.19e-04  train_total=0.3284  val_total=0.5157  train_batches=313  val_batches=5
  train: bce=0.0102  cldice=0.2119  dice=0.2123
  val:   bce=0.0430  cldice=0.3151  dice=0.3152
epoch 9/25  lr=7.68e-04  train_total=0.3155  val_total=0.5267  train_batches=313  val_batches=5
  train: bce=0.0100  cldice=0.2035  dice=0.2037
  val:   bce=0.0441  cldice=0.3217  dice=0.3218
epoch 10/25  lr=7.13e-04  train_total=0.3063  val_total=0.5163  train_batches=313  val_batches=5
  train: bce=0.0097  cldice=0.1976  dice=0.1978
  val:   bce=0.0421  cldice=0.3161  dice=0.3162
epoch 11/25  lr=6.55e-04  train_total=0.2919  val_total=0.4885  train_batches=313  val_batches=5
  train: bce=0.0094  cldice=0.1882  dice=0.1884
  val:   bce=0.0408  cldice=0.2984  dice=0.2985
epoch 12/25  lr=5.94e-04  train_total=0.2823  val_total=0.4940  train_batches=313  val_batches=5
  train: bce=0.0091  cldice=0.1820  dice=0.1822
  val:   bce=0.0441  cldice=0.2998  dice=0.3000
epoch 13/25  lr=5.31e-04  train_total=0.2674  val_total=0.4795  train_batches=313  val_batches=5
  train: bce=0.0087  cldice=0.1724  dice=0.1725
  val:   bce=0.0419  cldice=0.2917  dice=0.2918
epoch 14/25  lr=4.69e-04  train_total=0.2619  val_total=0.5001  train_batches=313  val_batches=5
  train: bce=0.0087  cldice=0.1687  dice=0.1688
  val:   bce=0.0445  cldice=0.3037  dice=0.3038
epoch 15/25  lr=4.06e-04  train_total=0.2579  val_total=0.4856  train_batches=313  val_batches=5
  train: bce=0.0086  cldice=0.1661  dice=0.1662
  val:   bce=0.0422  cldice=0.2956  dice=0.2957
epoch 16/25  lr=3.45e-04  train_total=0.2511  val_total=0.4820  train_batches=313  val_batches=5
  train: bce=0.0084  cldice=0.1618  dice=0.1619
  val:   bce=0.0419  cldice=0.2934  dice=0.2934
epoch 17/25  lr=2.87e-04  train_total=0.2412  val_total=0.4810  train_batches=313  val_batches=5
  train: bce=0.0081  cldice=0.1553  dice=0.1555
  val:   bce=0.0416  cldice=0.2929  dice=0.2930
epoch 18/25  lr=2.32e-04  train_total=0.2386  val_total=0.4820  train_batches=313  val_batches=5
  train: bce=0.0081  cldice=0.1536  dice=0.1537
  val:   bce=0.0429  cldice=0.2927  dice=0.2928
epoch 19/25  lr=1.81e-04  train_total=0.2305  val_total=0.4927  train_batches=313  val_batches=5
  train: bce=0.0078  cldice=0.1484  dice=0.1485
  val:   bce=0.0468  cldice=0.2972  dice=0.2973
epoch 20/25  lr=1.36e-04  train_total=0.2290  val_total=0.4852  train_batches=313  val_batches=5
  train: bce=0.0077  cldice=0.1474  dice=0.1475
  val:   bce=0.0459  cldice=0.2928  dice=0.2929
epoch 21/25  lr=9.55e-05  train_total=0.2253  val_total=0.4802  train_batches=313  val_batches=5
  train: bce=0.0076  cldice=0.1451  dice=0.1452
  val:   bce=0.0446  cldice=0.2903  dice=0.2904
epoch 22/25  lr=6.18e-05  train_total=0.2237  val_total=0.4823  train_batches=313  val_batches=5
  train: bce=0.0076  cldice=0.1441  dice=0.1441
  val:   bce=0.0455  cldice=0.2911  dice=0.2912
epoch 23/25  lr=3.51e-05  train_total=0.2199  val_total=0.4848  train_batches=313  val_batches=5
  train: bce=0.0075  cldice=0.1416  dice=0.1416
  val:   bce=0.0460  cldice=0.2925  dice=0.2926
epoch 24/25  lr=1.57e-05  train_total=0.2231  val_total=0.4808  train_batches=313  val_batches=5
  train: bce=0.0076  cldice=0.1437  dice=0.1437
  val:   bce=0.0448  cldice=0.2906  dice=0.2907
epoch 25/25  lr=3.94e-06  train_total=0.2127  val_total=0.4834  train_batches=313  val_batches=5
  train: bce=0.0074  cldice=0.1368  dice=0.1369
  val:   bce=0.0454  cldice=0.2919  dice=0.2920

--- training complete ---
  config.json:  artifacts/sprint6_ensemble/unet_seed20260601_ratio0.25/config.json
  metrics.csv:  artifacts/sprint6_ensemble/unet_seed20260601_ratio0.25/metrics.csv
  best.pt:      artifacts/sprint6_ensemble/unet_seed20260601_ratio0.25/best.pt  (val_total=0.3614)
  last.pt:      artifacts/sprint6_ensemble/unet_seed20260601_ratio0.25/last.pt
  losses.png:   artifacts/sprint6_ensemble/unet_seed20260601_ratio0.25/losses.png

Running patch-level evaluation on val set...

── Tier-1 Evaluation (patch-level) ──
  Overall: P=0.031  R=0.336  F1=0.056  (TP=274, FP=8684, truth=816)

  Per-SNR-bucket recall (truth peak SNR):
    bucket      n_truth    tp    fn   recall
    <0              347    48   299    0.138
    0-5             161    58   103    0.360
    5-8             159    77    82    0.484
    8-12             97    55    42    0.567
    12-20            52    36    16    0.692
    >=20              0     0     0      n/a

  Acceptance gate: recall @ SNR >= 8 dB >= 0.80  →  actual=0.611  [FAIL]

  tier1_metrics.json: artifacts/sprint6_ensemble/unet_seed20260601_ratio0.25/tier1_metrics.json
