Synthetic clips: 1000 under data/training_dataset_v2
Real clips: 260 under data/tier2_train_v2_10c
External val: 80 clips under data/tier2_val_v2
Synthetic train: 12531 patches across 589 usable clips
Real train: 1560 patches across 260 usable clips
Val: 300 patches across 50 usable clips
Computing sampler weights from train labels...
Synthetic labels: positive=6961 (55.6%), negative=5570
Real labels:      positive=976 (62.6%), negative=584
Mix: synthetic_ratio=0.75; expected per-batch ~48 synthetic / ~16 real

Architecture: unet  target_mode: mask  device: cuda
Augmentation: time_flip_p=0.5, freq_shift±2, noise_std=0.5
Train: 20000 samples/epoch, batch=64
Val: 300 patches, batch=64

Sanity check (scaffolding):
  Train batch shapes: patch=(64, 1, 256, 256), label=(64,), target=(64, 256, 256)
  Val batch shapes:   patch=(64, 1, 256, 256), label=(64,), target=(64, 256, 256)
  Sampler balance over 20 batches: 651/1280 positive (50.9%, expected ~50%)

Building model + loss + optimizer for unet...
Model parameters: 31,036,481
Run dir: artifacts/sprint6_ensemble/unet_seed20260604_ratio0.75
epoch 1/25  lr=1.00e-03  train_total=0.7968  val_total=0.3929  train_batches=313  val_batches=5
  train: bce=0.0821  cldice=0.0000  dice=0.7147
  val:   bce=0.0367  cldice=0.0000  dice=0.3562
  → best.pt updated (val_total=0.3929)
epoch 2/25  lr=9.96e-04  train_total=0.3551  val_total=0.3955  train_batches=313  val_batches=5
  train: bce=0.0147  cldice=0.0000  dice=0.3405
  val:   bce=0.0368  cldice=0.0000  dice=0.3587
epoch 3/25  lr=9.84e-04  train_total=0.3324  val_total=0.3543  train_batches=313  val_batches=5
  train: bce=0.0150  cldice=0.0000  dice=0.3174
  val:   bce=0.0342  cldice=0.0000  dice=0.3201
  → best.pt updated (val_total=0.3543)
epoch 4/25  lr=9.65e-04  train_total=0.3112  val_total=0.3416  train_batches=313  val_batches=5
  train: bce=0.0145  cldice=0.0000  dice=0.2967
  val:   bce=0.0338  cldice=0.0000  dice=0.3078
  → best.pt updated (val_total=0.3416)
epoch 5/25  lr=9.38e-04  train_total=0.2991  val_total=0.3321  train_batches=313  val_batches=5
  train: bce=0.0140  cldice=0.0000  dice=0.2851
  val:   bce=0.0359  cldice=0.0000  dice=0.2962
  → best.pt updated (val_total=0.3321)
epoch 6/25  lr=9.05e-04  train_total=0.4328  val_total=0.4666  train_batches=313  val_batches=5
  train: bce=0.0143  cldice=0.2785  dice=0.2792
  val:   bce=0.0348  cldice=0.2877  dice=0.2880
epoch 7/25  lr=8.64e-04  train_total=0.4158  val_total=0.4566  train_batches=313  val_batches=5
  train: bce=0.0145  cldice=0.2672  dice=0.2677
  val:   bce=0.0352  cldice=0.2808  dice=0.2810
epoch 8/25  lr=8.19e-04  train_total=0.4093  val_total=0.4462  train_batches=313  val_batches=5
  train: bce=0.0141  cldice=0.2631  dice=0.2637
  val:   bce=0.0337  cldice=0.2748  dice=0.2750
epoch 9/25  lr=7.68e-04  train_total=0.3849  val_total=0.4562  train_batches=313  val_batches=5
  train: bce=0.0135  cldice=0.2472  dice=0.2478
  val:   bce=0.0348  cldice=0.2808  dice=0.2810
epoch 10/25  lr=7.13e-04  train_total=0.3802  val_total=0.4335  train_batches=313  val_batches=5
  train: bce=0.0136  cldice=0.2441  dice=0.2446
  val:   bce=0.0341  cldice=0.2660  dice=0.2664
epoch 11/25  lr=6.55e-04  train_total=0.3767  val_total=0.4605  train_batches=313  val_batches=5
  train: bce=0.0136  cldice=0.2418  dice=0.2423
  val:   bce=0.0377  cldice=0.2817  dice=0.2819
epoch 12/25  lr=5.94e-04  train_total=0.3626  val_total=0.4314  train_batches=313  val_batches=5
  train: bce=0.0130  cldice=0.2328  dice=0.2332
  val:   bce=0.0344  cldice=0.2646  dice=0.2648
epoch 13/25  lr=5.31e-04  train_total=0.3567  val_total=0.4205  train_batches=313  val_batches=5
  train: bce=0.0127  cldice=0.2291  dice=0.2295
  val:   bce=0.0323  cldice=0.2586  dice=0.2589
epoch 14/25  lr=4.69e-04  train_total=0.3544  val_total=0.4241  train_batches=313  val_batches=5
  train: bce=0.0128  cldice=0.2275  dice=0.2279
  val:   bce=0.0343  cldice=0.2597  dice=0.2600
epoch 15/25  lr=4.06e-04  train_total=0.3370  val_total=0.4541  train_batches=313  val_batches=5
  train: bce=0.0120  cldice=0.2164  dice=0.2168
  val:   bce=0.0343  cldice=0.2798  dice=0.2799
epoch 16/25  lr=3.45e-04  train_total=0.3406  val_total=0.4135  train_batches=313  val_batches=5
  train: bce=0.0126  cldice=0.2184  dice=0.2188
  val:   bce=0.0334  cldice=0.2532  dice=0.2534
epoch 17/25  lr=2.87e-04  train_total=0.3360  val_total=0.4074  train_batches=313  val_batches=5
  train: bce=0.0122  cldice=0.2156  dice=0.2160
  val:   bce=0.0331  cldice=0.2494  dice=0.2496
epoch 18/25  lr=2.32e-04  train_total=0.3324  val_total=0.4140  train_batches=313  val_batches=5
  train: bce=0.0120  cldice=0.2134  dice=0.2138
  val:   bce=0.0337  cldice=0.2534  dice=0.2536
epoch 19/25  lr=1.81e-04  train_total=0.3205  val_total=0.4125  train_batches=313  val_batches=5
  train: bce=0.0116  cldice=0.2056  dice=0.2061
  val:   bce=0.0341  cldice=0.2522  dice=0.2524
epoch 20/25  lr=1.36e-04  train_total=0.3233  val_total=0.4119  train_batches=313  val_batches=5
  train: bce=0.0118  cldice=0.2074  dice=0.2077
  val:   bce=0.0339  cldice=0.2519  dice=0.2521
epoch 21/25  lr=9.55e-05  train_total=0.3163  val_total=0.4111  train_batches=313  val_batches=5
  train: bce=0.0115  cldice=0.2030  dice=0.2033
  val:   bce=0.0339  cldice=0.2514  dice=0.2515
epoch 22/25  lr=6.18e-05  train_total=0.3303  val_total=0.4116  train_batches=313  val_batches=5
  train: bce=0.0121  cldice=0.2119  dice=0.2123
  val:   bce=0.0340  cldice=0.2516  dice=0.2518
epoch 23/25  lr=3.51e-05  train_total=0.3191  val_total=0.4097  train_batches=313  val_batches=5
  train: bce=0.0118  cldice=0.2047  dice=0.2050
  val:   bce=0.0333  cldice=0.2508  dice=0.2510
epoch 24/25  lr=1.57e-05  train_total=0.3247  val_total=0.4089  train_batches=313  val_batches=5
  train: bce=0.0117  cldice=0.2084  dice=0.2088
  val:   bce=0.0336  cldice=0.2501  dice=0.2503
epoch 25/25  lr=3.94e-06  train_total=0.3213  val_total=0.4104  train_batches=313  val_batches=5
  train: bce=0.0118  cldice=0.2061  dice=0.2064
  val:   bce=0.0339  cldice=0.2509  dice=0.2511

--- training complete ---
  config.json:  artifacts/sprint6_ensemble/unet_seed20260604_ratio0.75/config.json
  metrics.csv:  artifacts/sprint6_ensemble/unet_seed20260604_ratio0.75/metrics.csv
  best.pt:      artifacts/sprint6_ensemble/unet_seed20260604_ratio0.75/best.pt  (val_total=0.3321)
  last.pt:      artifacts/sprint6_ensemble/unet_seed20260604_ratio0.75/last.pt
  losses.png:   artifacts/sprint6_ensemble/unet_seed20260604_ratio0.75/losses.png

Running patch-level evaluation on val set...

── Tier-1 Evaluation (patch-level) ──
  Overall: P=0.033  R=0.347  F1=0.061  (TP=283, FP=8173, truth=816)

  Per-SNR-bucket recall (truth peak SNR):
    bucket      n_truth    tp    fn   recall
    <0              347    55   292    0.159
    0-5             161    57   104    0.354
    5-8             159    77    82    0.484
    8-12             97    59    38    0.608
    12-20            52    35    17    0.673
    >=20              0     0     0      n/a

  Acceptance gate: recall @ SNR >= 8 dB >= 0.80  →  actual=0.631  [FAIL]

  tier1_metrics.json: artifacts/sprint6_ensemble/unet_seed20260604_ratio0.75/tier1_metrics.json
