Synthetic clips: 1000 under data/training_dataset_v2
Real clips: 43 under data/tier2_train_v2
External val: 80 clips under data/tier2_val_v2
Synthetic train: 12531 patches across 589 usable clips
Real train: 156 patches across 26 usable clips
Val: 300 patches across 50 usable clips
Computing sampler weights from train labels...
Synthetic labels: positive=6961 (55.6%), negative=5570
Real labels:      positive=88 (56.4%), negative=68
Mix: synthetic_ratio=0.75; expected per-batch ~48 synthetic / ~16 real

Architecture: unet  target_mode: mask  device: cuda
Augmentation: time_flip_p=0.5, freq_shift±2, noise_std=0.5
Train: 20000 samples/epoch, batch=64
Val: 300 patches, batch=64

Sanity check (scaffolding):
  Train batch shapes: patch=(64, 1, 256, 256), label=(64,), target=(64, 256, 256)
  Val batch shapes:   patch=(64, 1, 256, 256), label=(64,), target=(64, 256, 256)
  Sampler balance over 20 batches: 621/1280 positive (48.5%, expected ~50%)

Building model + loss + optimizer for unet...
Model parameters: 31,036,481
Run dir: artifacts/sprint5_ratio_sweep/unet_seed20260514_ratio0.75
epoch 1/25  lr=1.00e-03  train_total=0.8381  val_total=0.4050  train_batches=313  val_batches=5
  train: bce=0.0899  cldice=0.0000  dice=0.7482
  val:   bce=0.0319  cldice=0.0000  dice=0.3731
  → best.pt updated (val_total=0.4050)
epoch 2/25  lr=9.96e-04  train_total=0.3439  val_total=0.3510  train_batches=313  val_batches=5
  train: bce=0.0157  cldice=0.0000  dice=0.3282
  val:   bce=0.0349  cldice=0.0000  dice=0.3161
  → best.pt updated (val_total=0.3510)
epoch 3/25  lr=9.84e-04  train_total=0.3055  val_total=0.3518  train_batches=313  val_batches=5
  train: bce=0.0153  cldice=0.0000  dice=0.2902
  val:   bce=0.0335  cldice=0.0000  dice=0.3183
epoch 4/25  lr=9.65e-04  train_total=0.2882  val_total=0.3330  train_batches=313  val_batches=5
  train: bce=0.0150  cldice=0.0000  dice=0.2732
  val:   bce=0.0326  cldice=0.0000  dice=0.3004
  → best.pt updated (val_total=0.3330)
epoch 5/25  lr=9.38e-04  train_total=0.2703  val_total=0.3168  train_batches=313  val_batches=5
  train: bce=0.0143  cldice=0.0000  dice=0.2560
  val:   bce=0.0344  cldice=0.0000  dice=0.2824
  → best.pt updated (val_total=0.3168)
epoch 6/25  lr=9.05e-04  train_total=0.3963  val_total=0.4782  train_batches=313  val_batches=5
  train: bce=0.0148  cldice=0.2538  dice=0.2546
  val:   bce=0.0364  cldice=0.2944  dice=0.2946
epoch 7/25  lr=8.64e-04  train_total=0.3745  val_total=0.4854  train_batches=313  val_batches=5
  train: bce=0.0147  cldice=0.2394  dice=0.2401
  val:   bce=0.0412  cldice=0.2961  dice=0.2962
epoch 8/25  lr=8.19e-04  train_total=0.3572  val_total=0.4290  train_batches=313  val_batches=5
  train: bce=0.0143  cldice=0.2282  dice=0.2288
  val:   bce=0.0331  cldice=0.2638  dice=0.2640
epoch 9/25  lr=7.68e-04  train_total=0.3534  val_total=0.4330  train_batches=313  val_batches=5
  train: bce=0.0141  cldice=0.2258  dice=0.2264
  val:   bce=0.0324  cldice=0.2669  dice=0.2672
epoch 10/25  lr=7.13e-04  train_total=0.3433  val_total=0.4307  train_batches=313  val_batches=5
  train: bce=0.0140  cldice=0.2192  dice=0.2197
  val:   bce=0.0348  cldice=0.2638  dice=0.2640
epoch 11/25  lr=6.55e-04  train_total=0.3262  val_total=0.4237  train_batches=313  val_batches=5
  train: bce=0.0134  cldice=0.2083  dice=0.2087
  val:   bce=0.0339  cldice=0.2597  dice=0.2599
epoch 12/25  lr=5.94e-04  train_total=0.3239  val_total=0.4267  train_batches=313  val_batches=5
  train: bce=0.0136  cldice=0.2066  dice=0.2070
  val:   bce=0.0342  cldice=0.2615  dice=0.2617
epoch 13/25  lr=5.31e-04  train_total=0.3221  val_total=0.4250  train_batches=313  val_batches=5
  train: bce=0.0134  cldice=0.2055  dice=0.2059
  val:   bce=0.0331  cldice=0.2612  dice=0.2613
epoch 14/25  lr=4.69e-04  train_total=0.3114  val_total=0.4243  train_batches=313  val_batches=5
  train: bce=0.0131  cldice=0.1986  dice=0.1990
  val:   bce=0.0332  cldice=0.2606  dice=0.2608
epoch 15/25  lr=4.06e-04  train_total=0.3133  val_total=0.4184  train_batches=313  val_batches=5
  train: bce=0.0130  cldice=0.2000  dice=0.2003
  val:   bce=0.0344  cldice=0.2559  dice=0.2561
epoch 16/25  lr=3.45e-04  train_total=0.3061  val_total=0.4219  train_batches=313  val_batches=5
  train: bce=0.0130  cldice=0.1952  dice=0.1955
  val:   bce=0.0349  cldice=0.2580  dice=0.2581
epoch 17/25  lr=2.87e-04  train_total=0.2954  val_total=0.4187  train_batches=313  val_batches=5
  train: bce=0.0126  cldice=0.1883  dice=0.1887
  val:   bce=0.0340  cldice=0.2564  dice=0.2566
epoch 18/25  lr=2.32e-04  train_total=0.2903  val_total=0.4348  train_batches=313  val_batches=5
  train: bce=0.0122  cldice=0.1851  dice=0.1855
  val:   bce=0.0377  cldice=0.2646  dice=0.2648
epoch 19/25  lr=1.81e-04  train_total=0.2870  val_total=0.4233  train_batches=313  val_batches=5
  train: bce=0.0123  cldice=0.1829  dice=0.1832
  val:   bce=0.0350  cldice=0.2587  dice=0.2589
epoch 20/25  lr=1.36e-04  train_total=0.2832  val_total=0.4173  train_batches=313  val_batches=5
  train: bce=0.0119  cldice=0.1806  dice=0.1809
  val:   bce=0.0343  cldice=0.2552  dice=0.2554
epoch 21/25  lr=9.55e-05  train_total=0.2744  val_total=0.4205  train_batches=313  val_batches=5
  train: bce=0.0117  cldice=0.1749  dice=0.1752
  val:   bce=0.0353  cldice=0.2567  dice=0.2569
epoch 22/25  lr=6.18e-05  train_total=0.2791  val_total=0.4279  train_batches=313  val_batches=5
  train: bce=0.0121  cldice=0.1777  dice=0.1781
  val:   bce=0.0359  cldice=0.2612  dice=0.2614
epoch 23/25  lr=3.51e-05  train_total=0.2723  val_total=0.4261  train_batches=313  val_batches=5
  train: bce=0.0118  cldice=0.1735  dice=0.1738
  val:   bce=0.0358  cldice=0.2601  dice=0.2603
epoch 24/25  lr=1.57e-05  train_total=0.2762  val_total=0.4245  train_batches=313  val_batches=5
  train: bce=0.0120  cldice=0.1760  dice=0.1762
  val:   bce=0.0359  cldice=0.2589  dice=0.2591
epoch 25/25  lr=3.94e-06  train_total=0.2632  val_total=0.4224  train_batches=313  val_batches=5
  train: bce=0.0114  cldice=0.1677  dice=0.1679
  val:   bce=0.0355  cldice=0.2578  dice=0.2580

--- training complete ---
  config.json:  artifacts/sprint5_ratio_sweep/unet_seed20260514_ratio0.75/config.json
  metrics.csv:  artifacts/sprint5_ratio_sweep/unet_seed20260514_ratio0.75/metrics.csv
  best.pt:      artifacts/sprint5_ratio_sweep/unet_seed20260514_ratio0.75/best.pt  (val_total=0.3168)
  last.pt:      artifacts/sprint5_ratio_sweep/unet_seed20260514_ratio0.75/last.pt
  losses.png:   artifacts/sprint5_ratio_sweep/unet_seed20260514_ratio0.75/losses.png

Running patch-level evaluation on val set...

── Tier-1 Evaluation (patch-level) ──
  Overall: P=0.027  R=0.320  F1=0.050  (TP=261, FP=9462, truth=816)

  Per-SNR-bucket recall (truth peak SNR):
    bucket      n_truth    tp    fn   recall
    <0              347    51   296    0.147
    0-5             161    50   111    0.311
    5-8             159    71    88    0.447
    8-12             97    58    39    0.598
    12-20            52    31    21    0.596
    >=20              0     0     0      n/a

  Acceptance gate: recall @ SNR >= 8 dB >= 0.80  →  actual=0.597  [FAIL]

  tier1_metrics.json: artifacts/sprint5_ratio_sweep/unet_seed20260514_ratio0.75/tier1_metrics.json
/home/ubuntu/.local/share/uv/python/cpython-3.14.5-linux-x86_64-gnu/lib/python3.14/multiprocessing/resource_tracker.py:475: UserWarning: resource_tracker: There appear to be 3 leaked semaphore objects to clean up at shutdown: {'/mp-wcsi6k_4', '/mp-r4ve6g0m', '/mp-yyonwh6y'}
  warnings.warn(
/home/ubuntu/.local/share/uv/python/cpython-3.14.5-linux-x86_64-gnu/lib/python3.14/multiprocessing/resource_tracker.py:491: UserWarning: resource_tracker: '/mp-wcsi6k_4': [Errno 2] No such file or directory
  warnings.warn('resource_tracker: %r: %s' % (name, e))
/home/ubuntu/.local/share/uv/python/cpython-3.14.5-linux-x86_64-gnu/lib/python3.14/multiprocessing/resource_tracker.py:491: UserWarning: resource_tracker: '/mp-r4ve6g0m': [Errno 2] No such file or directory
  warnings.warn('resource_tracker: %r: %s' % (name, e))
/home/ubuntu/.local/share/uv/python/cpython-3.14.5-linux-x86_64-gnu/lib/python3.14/multiprocessing/resource_tracker.py:491: UserWarning: resource_tracker: '/mp-yyonwh6y': [Errno 2] No such file or directory
  warnings.warn('resource_tracker: %r: %s' % (name, e))
