Synthetic clips: 1000 under data/training_dataset_v2
Real clips: 43 under data/tier2_train_v2
External val: 80 clips under data/tier2_val_v2
Synthetic train: 12531 patches across 589 usable clips
Real train: 156 patches across 26 usable clips
Val: 300 patches across 50 usable clips
Computing sampler weights from train labels...
Synthetic labels: positive=6961 (55.6%), negative=5570
Real labels:      positive=88 (56.4%), negative=68
Mix: synthetic_ratio=1.0; expected per-batch ~64 synthetic / ~0 real

Architecture: unet  target_mode: mask  device: cuda
Augmentation: time_flip_p=0.5, freq_shift±2, noise_std=0.5
Train: 20000 samples/epoch, batch=64
Val: 300 patches, batch=64

Sanity check (scaffolding):
  Train batch shapes: patch=(64, 1, 256, 256), label=(64,), target=(64, 256, 256)
  Val batch shapes:   patch=(64, 1, 256, 256), label=(64,), target=(64, 256, 256)
  Sampler balance over 20 batches: 606/1280 positive (47.3%, expected ~50%)

Building model + loss + optimizer for unet...
Model parameters: 31,036,481
Run dir: artifacts/sprint5_ratio_sweep/unet_seed20260513_ratio1.00
epoch 1/25  lr=1.00e-03  train_total=0.7996  val_total=0.4000  train_batches=313  val_batches=5
  train: bce=0.0779  cldice=0.0000  dice=0.7218
  val:   bce=0.0318  cldice=0.0000  dice=0.3682
  → best.pt updated (val_total=0.4000)
epoch 2/25  lr=9.96e-04  train_total=0.3605  val_total=0.3701  train_batches=313  val_batches=5
  train: bce=0.0157  cldice=0.0000  dice=0.3448
  val:   bce=0.0347  cldice=0.0000  dice=0.3353
  → best.pt updated (val_total=0.3701)
epoch 3/25  lr=9.84e-04  train_total=0.3175  val_total=0.3991  train_batches=313  val_batches=5
  train: bce=0.0153  cldice=0.0000  dice=0.3022
  val:   bce=0.0343  cldice=0.0000  dice=0.3647
epoch 4/25  lr=9.65e-04  train_total=0.3038  val_total=0.3346  train_batches=313  val_batches=5
  train: bce=0.0149  cldice=0.0000  dice=0.2888
  val:   bce=0.0345  cldice=0.0000  dice=0.3000
  → best.pt updated (val_total=0.3346)
epoch 5/25  lr=9.38e-04  train_total=0.2921  val_total=0.3132  train_batches=313  val_batches=5
  train: bce=0.0147  cldice=0.0000  dice=0.2774
  val:   bce=0.0340  cldice=0.0000  dice=0.2792
  → best.pt updated (val_total=0.3132)
epoch 6/25  lr=9.05e-04  train_total=0.4213  val_total=0.4562  train_batches=313  val_batches=5
  train: bce=0.0153  cldice=0.2701  dice=0.2710
  val:   bce=0.0351  cldice=0.2806  dice=0.2809
epoch 7/25  lr=8.64e-04  train_total=0.4149  val_total=0.4520  train_batches=313  val_batches=5
  train: bce=0.0152  cldice=0.2660  dice=0.2667
  val:   bce=0.0340  cldice=0.2784  dice=0.2788
epoch 8/25  lr=8.19e-04  train_total=0.3910  val_total=0.4379  train_batches=313  val_batches=5
  train: bce=0.0148  cldice=0.2504  dice=0.2510
  val:   bce=0.0315  cldice=0.2708  dice=0.2710
epoch 9/25  lr=7.68e-04  train_total=0.3986  val_total=0.4401  train_batches=313  val_batches=5
  train: bce=0.0147  cldice=0.2556  dice=0.2561
  val:   bce=0.0338  cldice=0.2707  dice=0.2710
epoch 10/25  lr=7.13e-04  train_total=0.3839  val_total=0.4426  train_batches=313  val_batches=5
  train: bce=0.0145  cldice=0.2459  dice=0.2465
  val:   bce=0.0330  cldice=0.2730  dice=0.2732
epoch 11/25  lr=6.55e-04  train_total=0.3702  val_total=0.4104  train_batches=313  val_batches=5
  train: bce=0.0143  cldice=0.2369  dice=0.2375
  val:   bce=0.0288  cldice=0.2543  dice=0.2545
epoch 12/25  lr=5.94e-04  train_total=0.3735  val_total=0.4230  train_batches=313  val_batches=5
  train: bce=0.0139  cldice=0.2394  dice=0.2399
  val:   bce=0.0323  cldice=0.2603  dice=0.2606
epoch 13/25  lr=5.31e-04  train_total=0.3645  val_total=0.4267  train_batches=313  val_batches=5
  train: bce=0.0139  cldice=0.2335  dice=0.2339
  val:   bce=0.0323  cldice=0.2628  dice=0.2631
epoch 14/25  lr=4.69e-04  train_total=0.3620  val_total=0.4056  train_batches=313  val_batches=5
  train: bce=0.0137  cldice=0.2319  dice=0.2324
  val:   bce=0.0298  cldice=0.2504  dice=0.2506
epoch 15/25  lr=4.06e-04  train_total=0.3582  val_total=0.4223  train_batches=313  val_batches=5
  train: bce=0.0138  cldice=0.2292  dice=0.2298
  val:   bce=0.0336  cldice=0.2590  dice=0.2592
epoch 16/25  lr=3.45e-04  train_total=0.3427  val_total=0.4129  train_batches=313  val_batches=5
  train: bce=0.0130  cldice=0.2195  dice=0.2200
  val:   bce=0.0309  cldice=0.2545  dice=0.2548
epoch 17/25  lr=2.87e-04  train_total=0.3506  val_total=0.4143  train_batches=313  val_batches=5
  train: bce=0.0134  cldice=0.2244  dice=0.2250
  val:   bce=0.0309  cldice=0.2554  dice=0.2557
epoch 18/25  lr=2.32e-04  train_total=0.3392  val_total=0.4102  train_batches=313  val_batches=5
  train: bce=0.0130  cldice=0.2172  dice=0.2176
  val:   bce=0.0310  cldice=0.2526  dice=0.2529
epoch 19/25  lr=1.81e-04  train_total=0.3333  val_total=0.4133  train_batches=313  val_batches=5
  train: bce=0.0128  cldice=0.2133  dice=0.2138
  val:   bce=0.0321  cldice=0.2539  dice=0.2542
epoch 20/25  lr=1.36e-04  train_total=0.3274  val_total=0.4059  train_batches=313  val_batches=5
  train: bce=0.0125  cldice=0.2096  dice=0.2101
  val:   bce=0.0313  cldice=0.2495  dice=0.2498
epoch 21/25  lr=9.55e-05  train_total=0.3247  val_total=0.4121  train_batches=313  val_batches=5
  train: bce=0.0126  cldice=0.2077  dice=0.2082
  val:   bce=0.0319  cldice=0.2532  dice=0.2535
epoch 22/25  lr=6.18e-05  train_total=0.3242  val_total=0.4053  train_batches=313  val_batches=5
  train: bce=0.0125  cldice=0.2075  dice=0.2079
  val:   bce=0.0310  cldice=0.2493  dice=0.2496
epoch 23/25  lr=3.51e-05  train_total=0.3288  val_total=0.4083  train_batches=313  val_batches=5
  train: bce=0.0127  cldice=0.2105  dice=0.2109
  val:   bce=0.0311  cldice=0.2512  dice=0.2516
epoch 24/25  lr=1.57e-05  train_total=0.3182  val_total=0.4064  train_batches=313  val_batches=5
  train: bce=0.0124  cldice=0.2036  dice=0.2040
  val:   bce=0.0311  cldice=0.2500  dice=0.2503
epoch 25/25  lr=3.94e-06  train_total=0.3203  val_total=0.4065  train_batches=313  val_batches=5
  train: bce=0.0122  cldice=0.2052  dice=0.2055
  val:   bce=0.0309  cldice=0.2502  dice=0.2505

--- training complete ---
  config.json:  artifacts/sprint5_ratio_sweep/unet_seed20260513_ratio1.00/config.json
  metrics.csv:  artifacts/sprint5_ratio_sweep/unet_seed20260513_ratio1.00/metrics.csv
  best.pt:      artifacts/sprint5_ratio_sweep/unet_seed20260513_ratio1.00/best.pt  (val_total=0.3132)
  last.pt:      artifacts/sprint5_ratio_sweep/unet_seed20260513_ratio1.00/last.pt
  losses.png:   artifacts/sprint5_ratio_sweep/unet_seed20260513_ratio1.00/losses.png

Running patch-level evaluation on val set...

── Tier-1 Evaluation (patch-level) ──
  Overall: P=0.030  R=0.339  F1=0.055  (TP=277, FP=8937, truth=816)

  Per-SNR-bucket recall (truth peak SNR):
    bucket      n_truth    tp    fn   recall
    <0              347    54   293    0.156
    0-5             161    53   108    0.329
    5-8             159    79    80    0.497
    8-12             97    57    40    0.588
    12-20            52    34    18    0.654
    >=20              0     0     0      n/a

  Acceptance gate: recall @ SNR >= 8 dB >= 0.80  →  actual=0.611  [FAIL]

  tier1_metrics.json: artifacts/sprint5_ratio_sweep/unet_seed20260513_ratio1.00/tier1_metrics.json
