Synthetic clips: 1000 under data/training_dataset_v2
Real clips: 43 under data/tier2_train_v2
External val: 80 clips under data/tier2_val_v2
Synthetic train: 12531 patches across 589 usable clips
Real train: 156 patches across 26 usable clips
Val: 300 patches across 50 usable clips
Computing sampler weights from train labels...
Synthetic labels: positive=6961 (55.6%), negative=5570
Real labels:      positive=88 (56.4%), negative=68
Mix: synthetic_ratio=0.5; expected per-batch ~32 synthetic / ~32 real

Architecture: unet  target_mode: mask  device: cuda
Augmentation: time_flip_p=0.5, freq_shift±2, noise_std=0.5
Train: 20000 samples/epoch, batch=64
Val: 300 patches, batch=64

Sanity check (scaffolding):
  Train batch shapes: patch=(64, 1, 256, 256), label=(64,), target=(64, 256, 256)
  Val batch shapes:   patch=(64, 1, 256, 256), label=(64,), target=(64, 256, 256)
  Sampler balance over 20 batches: 644/1280 positive (50.3%, expected ~50%)

Building model + loss + optimizer for unet...
Model parameters: 31,036,481
Run dir: artifacts/sprint5_ratio_sweep/unet_seed20260513_ratio0.50
epoch 1/25  lr=1.00e-03  train_total=0.7744  val_total=0.3954  train_batches=313  val_batches=5
  train: bce=0.0769  cldice=0.0000  dice=0.6976
  val:   bce=0.0309  cldice=0.0000  dice=0.3645
  → best.pt updated (val_total=0.3954)
epoch 2/25  lr=9.96e-04  train_total=0.3070  val_total=0.4075  train_batches=313  val_batches=5
  train: bce=0.0149  cldice=0.0000  dice=0.2921
  val:   bce=0.0344  cldice=0.0000  dice=0.3731
epoch 3/25  lr=9.84e-04  train_total=0.2592  val_total=0.3529  train_batches=313  val_batches=5
  train: bce=0.0140  cldice=0.0000  dice=0.2452
  val:   bce=0.0329  cldice=0.0000  dice=0.3200
  → best.pt updated (val_total=0.3529)
epoch 4/25  lr=9.65e-04  train_total=0.2411  val_total=0.3431  train_batches=313  val_batches=5
  train: bce=0.0134  cldice=0.0000  dice=0.2277
  val:   bce=0.0315  cldice=0.0000  dice=0.3116
  → best.pt updated (val_total=0.3431)
epoch 5/25  lr=9.38e-04  train_total=0.2293  val_total=0.3498  train_batches=313  val_batches=5
  train: bce=0.0132  cldice=0.0000  dice=0.2161
  val:   bce=0.0363  cldice=0.0000  dice=0.3135
epoch 6/25  lr=9.05e-04  train_total=0.3130  val_total=0.5036  train_batches=313  val_batches=5
  train: bce=0.0130  cldice=0.1995  dice=0.2002
  val:   bce=0.0346  cldice=0.3125  dice=0.3127
epoch 7/25  lr=8.64e-04  train_total=0.3007  val_total=0.4473  train_batches=313  val_batches=5
  train: bce=0.0130  cldice=0.1915  dice=0.1920
  val:   bce=0.0369  cldice=0.2735  dice=0.2737
epoch 8/25  lr=8.19e-04  train_total=0.2848  val_total=0.4387  train_batches=313  val_batches=5
  train: bce=0.0126  cldice=0.1812  dice=0.1816
  val:   bce=0.0365  cldice=0.2681  dice=0.2682
epoch 9/25  lr=7.68e-04  train_total=0.2827  val_total=0.4451  train_batches=313  val_batches=5
  train: bce=0.0126  cldice=0.1798  dice=0.1801
  val:   bce=0.0372  cldice=0.2719  dice=0.2720
epoch 10/25  lr=7.13e-04  train_total=0.2679  val_total=0.4499  train_batches=313  val_batches=5
  train: bce=0.0122  cldice=0.1702  dice=0.1706
  val:   bce=0.0352  cldice=0.2764  dice=0.2765
epoch 11/25  lr=6.55e-04  train_total=0.2464  val_total=0.4346  train_batches=313  val_batches=5
  train: bce=0.0115  cldice=0.1564  dice=0.1567
  val:   bce=0.0358  cldice=0.2658  dice=0.2660
epoch 12/25  lr=5.94e-04  train_total=0.2341  val_total=0.4170  train_batches=313  val_batches=5
  train: bce=0.0111  cldice=0.1484  dice=0.1488
  val:   bce=0.0327  cldice=0.2559  dice=0.2563
epoch 13/25  lr=5.31e-04  train_total=0.2317  val_total=0.4143  train_batches=313  val_batches=5
  train: bce=0.0109  cldice=0.1470  dice=0.1473
  val:   bce=0.0345  cldice=0.2531  dice=0.2532
epoch 14/25  lr=4.69e-04  train_total=0.2290  val_total=0.4278  train_batches=313  val_batches=5
  train: bce=0.0110  cldice=0.1451  dice=0.1455
  val:   bce=0.0360  cldice=0.2611  dice=0.2613
epoch 15/25  lr=4.06e-04  train_total=0.2187  val_total=0.4168  train_batches=313  val_batches=5
  train: bce=0.0103  cldice=0.1387  dice=0.1390
  val:   bce=0.0363  cldice=0.2535  dice=0.2537
epoch 16/25  lr=3.45e-04  train_total=0.2079  val_total=0.4002  train_batches=313  val_batches=5
  train: bce=0.0101  cldice=0.1317  dice=0.1319
  val:   bce=0.0328  cldice=0.2448  dice=0.2451
epoch 17/25  lr=2.87e-04  train_total=0.2078  val_total=0.3988  train_batches=313  val_batches=5
  train: bce=0.0100  cldice=0.1317  dice=0.1320
  val:   bce=0.0337  cldice=0.2432  dice=0.2435
epoch 18/25  lr=2.32e-04  train_total=0.2054  val_total=0.3929  train_batches=313  val_batches=5
  train: bce=0.0100  cldice=0.1300  dice=0.1304
  val:   bce=0.0324  cldice=0.2401  dice=0.2405
epoch 19/25  lr=1.81e-04  train_total=0.2007  val_total=0.3922  train_batches=313  val_batches=5
  train: bce=0.0095  cldice=0.1273  dice=0.1276
  val:   bce=0.0328  cldice=0.2394  dice=0.2397
epoch 20/25  lr=1.36e-04  train_total=0.2034  val_total=0.3850  train_batches=313  val_batches=5
  train: bce=0.0098  cldice=0.1289  dice=0.1292
  val:   bce=0.0319  cldice=0.2352  dice=0.2355
epoch 21/25  lr=9.55e-05  train_total=0.2038  val_total=0.3823  train_batches=313  val_batches=5
  train: bce=0.0098  cldice=0.1292  dice=0.1295
  val:   bce=0.0319  cldice=0.2334  dice=0.2337
epoch 22/25  lr=6.18e-05  train_total=0.2014  val_total=0.3886  train_batches=313  val_batches=5
  train: bce=0.0096  cldice=0.1277  dice=0.1280
  val:   bce=0.0324  cldice=0.2372  dice=0.2376
epoch 23/25  lr=3.51e-05  train_total=0.2011  val_total=0.3839  train_batches=313  val_batches=5
  train: bce=0.0095  cldice=0.1275  dice=0.1278
  val:   bce=0.0319  cldice=0.2345  dice=0.2348
epoch 24/25  lr=1.57e-05  train_total=0.1926  val_total=0.3831  train_batches=313  val_batches=5
  train: bce=0.0092  cldice=0.1221  dice=0.1224
  val:   bce=0.0322  cldice=0.2338  dice=0.2341
epoch 25/25  lr=3.94e-06  train_total=0.2031  val_total=0.3831  train_batches=313  val_batches=5
  train: bce=0.0096  cldice=0.1288  dice=0.1291
  val:   bce=0.0319  cldice=0.2339  dice=0.2342

--- training complete ---
  config.json:  artifacts/sprint5_ratio_sweep/unet_seed20260513_ratio0.50/config.json
  metrics.csv:  artifacts/sprint5_ratio_sweep/unet_seed20260513_ratio0.50/metrics.csv
  best.pt:      artifacts/sprint5_ratio_sweep/unet_seed20260513_ratio0.50/best.pt  (val_total=0.3431)
  last.pt:      artifacts/sprint5_ratio_sweep/unet_seed20260513_ratio0.50/last.pt
  losses.png:   artifacts/sprint5_ratio_sweep/unet_seed20260513_ratio0.50/losses.png

Running patch-level evaluation on val set...

── Tier-1 Evaluation (patch-level) ──
  Overall: P=0.024  R=0.300  F1=0.045  (TP=245, FP=9935, truth=816)

  Per-SNR-bucket recall (truth peak SNR):
    bucket      n_truth    tp    fn   recall
    <0              347    42   305    0.121
    0-5             161    50   111    0.311
    5-8             159    71    88    0.447
    8-12             97    54    43    0.557
    12-20            52    28    24    0.538
    >=20              0     0     0      n/a

  Acceptance gate: recall @ SNR >= 8 dB >= 0.80  →  actual=0.550  [FAIL]

  tier1_metrics.json: artifacts/sprint5_ratio_sweep/unet_seed20260513_ratio0.50/tier1_metrics.json
