Synthetic clips: 1000 under data/training_dataset_v2
Real clips: 43 under data/tier2_train_v2
External val: 80 clips under data/tier2_val_v2
Synthetic train: 12531 patches across 589 usable clips
Real train: 156 patches across 26 usable clips
Val: 300 patches across 50 usable clips
Computing sampler weights from train labels...
Synthetic labels: positive=6961 (55.6%), negative=5570
Real labels:      positive=88 (56.4%), negative=68
Mix: synthetic_ratio=0.25; expected per-batch ~16 synthetic / ~48 real

Architecture: unet  target_mode: mask  device: cuda
Augmentation: time_flip_p=0.5, freq_shift±2, noise_std=0.5
Train: 20000 samples/epoch, batch=64
Val: 300 patches, batch=64

Sanity check (scaffolding):
  Train batch shapes: patch=(64, 1, 256, 256), label=(64,), target=(64, 256, 256)
  Val batch shapes:   patch=(64, 1, 256, 256), label=(64,), target=(64, 256, 256)
  Sampler balance over 20 batches: 632/1280 positive (49.4%, expected ~50%)

Building model + loss + optimizer for unet...
Model parameters: 31,036,481
Run dir: artifacts/sprint5_ratio_sweep/unet_seed20260513_ratio0.25
epoch 1/25  lr=1.00e-03  train_total=0.7484  val_total=0.3915  train_batches=313  val_batches=5
  train: bce=0.0773  cldice=0.0000  dice=0.6711
  val:   bce=0.0346  cldice=0.0000  dice=0.3569
  → best.pt updated (val_total=0.3915)
epoch 2/25  lr=9.96e-04  train_total=0.2634  val_total=0.3951  train_batches=313  val_batches=5
  train: bce=0.0138  cldice=0.0000  dice=0.2496
  val:   bce=0.0343  cldice=0.0000  dice=0.3608
epoch 3/25  lr=9.84e-04  train_total=0.2207  val_total=0.3423  train_batches=313  val_batches=5
  train: bce=0.0125  cldice=0.0000  dice=0.2081
  val:   bce=0.0365  cldice=0.0000  dice=0.3057
  → best.pt updated (val_total=0.3423)
epoch 4/25  lr=9.65e-04  train_total=0.2016  val_total=0.3430  train_batches=313  val_batches=5
  train: bce=0.0121  cldice=0.0000  dice=0.1894
  val:   bce=0.0347  cldice=0.0000  dice=0.3083
epoch 5/25  lr=9.38e-04  train_total=0.1865  val_total=0.3260  train_batches=313  val_batches=5
  train: bce=0.0116  cldice=0.0000  dice=0.1749
  val:   bce=0.0370  cldice=0.0000  dice=0.2890
  → best.pt updated (val_total=0.3260)
epoch 6/25  lr=9.05e-04  train_total=0.2434  val_total=0.5659  train_batches=313  val_batches=5
  train: bce=0.0110  cldice=0.1545  dice=0.1552
  val:   bce=0.0609  cldice=0.3364  dice=0.3368
epoch 7/25  lr=8.64e-04  train_total=0.2188  val_total=0.4611  train_batches=313  val_batches=5
  train: bce=0.0106  cldice=0.1384  dice=0.1389
  val:   bce=0.0404  cldice=0.2803  dice=0.2805
epoch 8/25  lr=8.19e-04  train_total=0.1949  val_total=0.4651  train_batches=313  val_batches=5
  train: bce=0.0096  cldice=0.1232  dice=0.1236
  val:   bce=0.0392  cldice=0.2839  dice=0.2840
epoch 9/25  lr=7.68e-04  train_total=0.1958  val_total=0.4546  train_batches=313  val_batches=5
  train: bce=0.0098  cldice=0.1237  dice=0.1241
  val:   bce=0.0376  cldice=0.2780  dice=0.2781
epoch 10/25  lr=7.13e-04  train_total=0.1860  val_total=0.4719  train_batches=313  val_batches=5
  train: bce=0.0095  cldice=0.1175  dice=0.1178
  val:   bce=0.0402  cldice=0.2878  dice=0.2879
epoch 11/25  lr=6.55e-04  train_total=0.1787  val_total=0.4770  train_batches=313  val_batches=5
  train: bce=0.0092  cldice=0.1129  dice=0.1131
  val:   bce=0.0387  cldice=0.2921  dice=0.2922
epoch 12/25  lr=5.94e-04  train_total=0.1657  val_total=0.4642  train_batches=313  val_batches=5
  train: bce=0.0087  cldice=0.1046  dice=0.1048
  val:   bce=0.0390  cldice=0.2834  dice=0.2835
epoch 13/25  lr=5.31e-04  train_total=0.1558  val_total=0.4185  train_batches=313  val_batches=5
  train: bce=0.0082  cldice=0.0983  dice=0.0985
  val:   bce=0.0368  cldice=0.2544  dice=0.2545
epoch 14/25  lr=4.69e-04  train_total=0.1516  val_total=0.4210  train_batches=313  val_batches=5
  train: bce=0.0079  cldice=0.0957  dice=0.0959
  val:   bce=0.0373  cldice=0.2557  dice=0.2559
epoch 15/25  lr=4.06e-04  train_total=0.1564  val_total=0.4223  train_batches=313  val_batches=5
  train: bce=0.0080  cldice=0.0988  dice=0.0990
  val:   bce=0.0370  cldice=0.2568  dice=0.2569
epoch 16/25  lr=3.45e-04  train_total=0.1457  val_total=0.4289  train_batches=313  val_batches=5
  train: bce=0.0077  cldice=0.0919  dice=0.0921
  val:   bce=0.0403  cldice=0.2590  dice=0.2591
epoch 17/25  lr=2.87e-04  train_total=0.1377  val_total=0.4204  train_batches=313  val_batches=5
  train: bce=0.0071  cldice=0.0869  dice=0.0871
  val:   bce=0.0371  cldice=0.2555  dice=0.2556
epoch 18/25  lr=2.32e-04  train_total=0.1295  val_total=0.4188  train_batches=313  val_batches=5
  train: bce=0.0067  cldice=0.0817  dice=0.0819
  val:   bce=0.0367  cldice=0.2547  dice=0.2548
epoch 19/25  lr=1.81e-04  train_total=0.1286  val_total=0.4036  train_batches=313  val_batches=5
  train: bce=0.0067  cldice=0.0811  dice=0.0813
  val:   bce=0.0374  cldice=0.2441  dice=0.2441
epoch 20/25  lr=1.36e-04  train_total=0.1238  val_total=0.3995  train_batches=313  val_batches=5
  train: bce=0.0066  cldice=0.0780  dice=0.0782
  val:   bce=0.0371  cldice=0.2416  dice=0.2417
epoch 21/25  lr=9.55e-05  train_total=0.1216  val_total=0.4049  train_batches=313  val_batches=5
  train: bce=0.0066  cldice=0.0766  dice=0.0767
  val:   bce=0.0381  cldice=0.2445  dice=0.2445
epoch 22/25  lr=6.18e-05  train_total=0.1122  val_total=0.4058  train_batches=313  val_batches=5
  train: bce=0.0061  cldice=0.0707  dice=0.0708
  val:   bce=0.0377  cldice=0.2453  dice=0.2454
epoch 23/25  lr=3.51e-05  train_total=0.1139  val_total=0.4027  train_batches=313  val_batches=5
  train: bce=0.0061  cldice=0.0718  dice=0.0719
  val:   bce=0.0369  cldice=0.2438  dice=0.2439
epoch 24/25  lr=1.57e-05  train_total=0.1128  val_total=0.4034  train_batches=313  val_batches=5
  train: bce=0.0062  cldice=0.0710  dice=0.0711
  val:   bce=0.0377  cldice=0.2438  dice=0.2438
epoch 25/25  lr=3.94e-06  train_total=0.1110  val_total=0.4011  train_batches=313  val_batches=5
  train: bce=0.0060  cldice=0.0699  dice=0.0700
  val:   bce=0.0374  cldice=0.2424  dice=0.2425

--- training complete ---
  config.json:  artifacts/sprint5_ratio_sweep/unet_seed20260513_ratio0.25/config.json
  metrics.csv:  artifacts/sprint5_ratio_sweep/unet_seed20260513_ratio0.25/metrics.csv
  best.pt:      artifacts/sprint5_ratio_sweep/unet_seed20260513_ratio0.25/best.pt  (val_total=0.3260)
  last.pt:      artifacts/sprint5_ratio_sweep/unet_seed20260513_ratio0.25/last.pt
  losses.png:   artifacts/sprint5_ratio_sweep/unet_seed20260513_ratio0.25/losses.png

Running patch-level evaluation on val set...

── Tier-1 Evaluation (patch-level) ──
  Overall: P=0.024  R=0.299  F1=0.045  (TP=244, FP=9810, truth=816)

  Per-SNR-bucket recall (truth peak SNR):
    bucket      n_truth    tp    fn   recall
    <0              347    39   308    0.112
    0-5             161    46   115    0.286
    5-8             159    73    86    0.459
    8-12             97    53    44    0.546
    12-20            52    33    19    0.635
    >=20              0     0     0      n/a

  Acceptance gate: recall @ SNR >= 8 dB >= 0.80  →  actual=0.577  [FAIL]

  tier1_metrics.json: artifacts/sprint5_ratio_sweep/unet_seed20260513_ratio0.25/tier1_metrics.json
